# JRE version: OpenJDK Runtime Environment Temurin-17.0.1+12 (17.0.1+12) (build 17.0.1+12)
# Java VM: OpenJDK 64-Bit Server VM Temurin-17.0.1+12 (17.0.1+12, mixed mode, tiered, compressed oops, compressed class ptrs, parallel gc, windows-amd64)
GC Precious Log:
 CPUs: 8 total, 8 available
 Memory: 8108M
 Large Page Support: Disabled
 NUMA Support: Disabled
 Compressed Oops: Enabled (32-bit)
 Alignments: Space 512K, Generation 512K, Heap 2M
 Heap Min Capacity: 100M
 Heap Initial Capacity: 100M
 Heap Max Capacity: 1G
 Pre-touch: Disabled
 Parallel Workers: 8
Heap:
 PSYoungGen      total 21504K, used 15805K [0x00000000eab00000, 0x00000000ec480000, 0x0000000100000000)
  eden space 17408K, 68% used [0x00000000eab00000,0x00000000eb6a6390,0x00000000ebc00000)
  from space 4096K, 94% used [0x00000000ec080000,0x00000000ec449218,0x00000000ec480000)
  to   space 4096K, 0% used [0x00000000ebc80000,0x00000000ebc80000,0x00000000ec080000)
 ParOldGen       total 68608K, used 44238K [0x00000000c0000000, 0x00000000c4300000, 0x00000000eab00000)
  object space 68608K, 64% used [0x00000000c0000000,0x00000000c2b33b60,0x00000000c4300000)
 Metaspace       used 53125K, committed 53952K, reserved 1097728K
  class space    used 5780K, committed 6144K, reserved 1048576K
GC Heap History (20 events):
Event: 3.919 GC heap before
{Heap before GC invocations=15 (full 2):
 PSYoungGen      total 24064K, used 24032K [0x00000000eab00000, 0x00000000eca80000, 0x0000000100000000)
  eden space 21504K, 100% used [0x00000000eab00000,0x00000000ec000000,0x00000000ec000000)
  from space 2560K, 98% used [0x00000000ec500000,0x00000000ec778010,0x00000000ec780000)
  to   space 5120K, 0% used [0x00000000ec000000,0x00000000ec000000,0x00000000ec500000)
 ParOldGen       total 68608K, used 23625K [0x00000000c0000000, 0x00000000c4300000, 0x00000000eab00000)
  object space 68608K, 34% used [0x00000000c0000000,0x00000000c17124c8,0x00000000c4300000)
 Metaspace       used 40547K, committed 41216K, reserved 1089536K
  class space    used 4383K, committed 4672K, reserved 1048576K
}
Event: 3.923 GC heap after
{Heap after GC invocations=15 (full 2):
 PSYoungGen      total 24064K, used 2400K [0x00000000eab00000, 0x00000000ec700000, 0x0000000100000000)
  eden space 21504K, 0% used [0x00000000eab00000,0x00000000eab00000,0x00000000ec000000)
  from space 2560K, 93% used [0x00000000ec000000,0x00000000ec258000,0x00000000ec280000)
  to   space 3584K, 0% used [0x00000000ec380000,0x00000000ec380000,0x00000000ec700000)
 ParOldGen       total 68608K, used 26121K [0x00000000c0000000, 0x00000000c4300000, 0x00000000eab00000)
  object space 68608K, 38% used [0x00000000c0000000,0x00000000c19824d8,0x00000000c4300000)
 Metaspace       used 40547K, committed 41216K, reserved 1089536K
  class space    used 4383K, committed 4672K, reserved 1048576K
}
Event: 4.833 GC heap before
{Heap before GC invocations=16 (full 2):
 PSYoungGen      total 24064K, used 23900K [0x00000000eab00000, 0x00000000ec700000, 0x0000000100000000)
  eden space 21504K, 99% used [0x00000000eab00000,0x00000000ebfff060,0x00000000ec000000)
  from space 2560K, 93% used [0x00000000ec000000,0x00000000ec258000,0x00000000ec280000)
  to   space 3584K, 0% used [0x00000000ec380000,0x00000000ec380000,0x00000000ec700000)
 ParOldGen       total 68608K, used 26121K [0x00000000c0000000, 0x00000000c4300000, 0x00000000eab00000)
  object space 68608K, 38% used [0x00000000c0000000,0x00000000c19824d8,0x00000000c4300000)
 Metaspace       used 46194K, committed 46912K, reserved 1097728K
  class space    used 5031K, committed 5312K, reserved 1048576K
}
Event: 4.837 GC heap after
{Heap after GC invocations=16 (full 2):
 PSYoungGen      total 24064K, used 2311K [0x00000000eab00000, 0x00000000ec600000, 0x0000000100000000)
  eden space 21504K, 0% used [0x00000000eab00000,0x00000000eab00000,0x00000000ec000000)
  from space 2560K, 90% used [0x00000000ec380000,0x00000000ec5c1c48,0x00000000ec600000)
  to   space 2560K, 0% used [0x00000000ec000000,0x00000000ec000000,0x00000000ec280000)
 ParOldGen       total 68608K, used 28366K [0x00000000c0000000, 0x00000000c4300000, 0x00000000eab00000)
  object space 68608K, 41% used [0x00000000c0000000,0x00000000c1bb3830,0x00000000c4300000)
 Metaspace       used 46194K, committed 46912K, reserved 1097728K
  class space    used 5031K, committed 5312K, reserved 1048576K
}
Event: 5.172 GC heap before
{Heap before GC invocations=17 (full 2):
 PSYoungGen      total 24064K, used 23815K [0x00000000eab00000, 0x00000000ec600000, 0x0000000100000000)
  eden space 21504K, 100% used [0x00000000eab00000,0x00000000ec000000,0x00000000ec000000)
  from space 2560K, 90% used [0x00000000ec380000,0x00000000ec5c1c48,0x00000000ec600000)
  to   space 2560K, 0% used [0x00000000ec000000,0x00000000ec000000,0x00000000ec280000)
 ParOldGen       total 68608K, used 28366K [0x00000000c0000000, 0x00000000c4300000, 0x00000000eab00000)
  object space 68608K, 41% used [0x00000000c0000000,0x00000000c1bb3830,0x00000000c4300000)
 Metaspace       used 47344K, committed 48064K, reserved 1097728K
  class space    used 5159K, committed 5440K, reserved 1048576K
}
Event: 5.175 GC heap after
{Heap after GC invocations=17 (full 2):
 PSYoungGen      total 23040K, used 1280K [0x00000000eab00000, 0x00000000ec400000, 0x0000000100000000)
  eden space 21504K, 0% used [0x00000000eab00000,0x00000000eab00000,0x00000000ec000000)
  from space 1536K, 83% used [0x00000000ec000000,0x00000000ec140000,0x00000000ec180000)
  to   space 2048K, 0% used [0x00000000ec200000,0x00000000ec200000,0x00000000ec400000)
 ParOldGen       total 68608K, used 30504K [0x00000000c0000000, 0x00000000c4300000, 0x00000000eab00000)
  object space 68608K, 44% used [0x00000000c0000000,0x00000000c1dca108,0x00000000c4300000)
 Metaspace       used 47344K, committed 48064K, reserved 1097728K
  class space    used 5159K, committed 5440K, reserved 1048576K
}
Event: 5.426 GC heap before
{Heap before GC invocations=18 (full 2):
 PSYoungGen      total 23040K, used 22784K [0x00000000eab00000, 0x00000000ec400000, 0x0000000100000000)
  eden space 21504K, 100% used [0x00000000eab00000,0x00000000ec000000,0x00000000ec000000)
  from space 1536K, 83% used [0x00000000ec000000,0x00000000ec140000,0x00000000ec180000)
  to   space 2048K, 0% used [0x00000000ec200000,0x00000000ec200000,0x00000000ec400000)
 ParOldGen       total 68608K, used 30504K [0x00000000c0000000, 0x00000000c4300000, 0x00000000eab00000)
  object space 68608K, 44% used [0x00000000c0000000,0x00000000c1dca108,0x00000000c4300000)
 Metaspace       used 48800K, committed 49600K, reserved 1097728K
  class space    used 5318K, committed 5632K, reserved 1048576K
}
Event: 5.428 GC heap after
{Heap after GC invocations=18 (full 2):
 PSYoungGen      total 21504K, used 2032K [0x00000000eab00000, 0x00000000ec800000, 0x0000000100000000)
  eden space 19456K, 0% used [0x00000000eab00000,0x00000000eab00000,0x00000000ebe00000)
  from space 2048K, 99% used [0x00000000ec200000,0x00000000ec3fc288,0x00000000ec400000)
  to   space 4096K, 0% used [0x00000000ebe00000,0x00000000ebe00000,0x00000000ec200000)
 ParOldGen       total 68608K, used 31824K [0x00000000c0000000, 0x00000000c4300000, 0x00000000eab00000)
  object space 68608K, 46% used [0x00000000c0000000,0x00000000c1f14108,0x00000000c4300000)
 Metaspace       used 48800K, committed 49600K, reserved 1097728K
  class space    used 5318K, committed 5632K, reserved 1048576K
}
Event: 5.682 GC heap before
{Heap before GC invocations=19 (full 2):
 PSYoungGen      total 21504K, used 21488K [0x00000000eab00000, 0x00000000ec800000, 0x0000000100000000)
  eden space 19456K, 100% used [0x00000000eab00000,0x00000000ebe00000,0x00000000ebe00000)
  from space 2048K, 99% used [0x00000000ec200000,0x00000000ec3fc288,0x00000000ec400000)
  to   space 4096K, 0% used [0x00000000ebe00000,0x00000000ebe00000,0x00000000ec200000)
 ParOldGen       total 68608K, used 31824K [0x00000000c0000000, 0x00000000c4300000, 0x00000000eab00000)
  object space 68608K, 46% used [0x00000000c0000000,0x00000000c1f14108,0x00000000c4300000)
 Metaspace       used 50308K, committed 51072K, reserved 1097728K
  class space    used 5509K, committed 5824K, reserved 1048576K
}
Event: 5.685 GC heap after
{Heap after GC invocations=19 (full 2):
 PSYoungGen      total 22528K, used 2580K [0x00000000eab00000, 0x00000000ec400000, 0x0000000100000000)
  eden space 19456K, 0% used [0x00000000eab00000,0x00000000eab00000,0x00000000ebe00000)
  from space 3072K, 83% used [0x00000000ebe00000,0x00000000ec085040,0x00000000ec100000)
  to   space 3072K, 0% used [0x00000000ec100000,0x00000000ec100000,0x00000000ec400000)
 ParOldGen       total 68608K, used 33700K [0x00000000c0000000, 0x00000000c4300000, 0x00000000eab00000)
  object space 68608K, 49% used [0x00000000c0000000,0x00000000c20e91b0,0x00000000c4300000)
 Metaspace       used 50308K, committed 51072K, reserved 1097728K
  class space    used 5509K, committed 5824K, reserved 1048576K
}
Event: 5.809 GC heap before
{Heap before GC invocations=20 (full 2):
 PSYoungGen      total 22528K, used 22036K [0x00000000eab00000, 0x00000000ec400000, 0x0000000100000000)
  eden space 19456K, 100% used [0x00000000eab00000,0x00000000ebe00000,0x00000000ebe00000)
  from space 3072K, 83% used [0x00000000ebe00000,0x00000000ec085040,0x00000000ec100000)
  to   space 3072K, 0% used [0x00000000ec100000,0x00000000ec100000,0x00000000ec400000)
 ParOldGen       total 68608K, used 33700K [0x00000000c0000000, 0x00000000c4300000, 0x00000000eab00000)
  object space 68608K, 49% used [0x00000000c0000000,0x00000000c20e91b0,0x00000000c4300000)
 Metaspace       used 50742K, committed 51456K, reserved 1097728K
  class space    used 5528K, committed 5824K, reserved 1048576K
}
Event: 5.816 GC heap after
{Heap after GC invocations=20 (full 2):
 PSYoungGen      total 20480K, used 736K [0x00000000eab00000, 0x00000000ec200000, 0x0000000100000000)
  eden space 19456K, 0% used [0x00000000eab00000,0x00000000eab00000,0x00000000ebe00000)
  from space 1024K, 71% used [0x00000000ec100000,0x00000000ec1b8000,0x00000000ec200000)
  to   space 1536K, 0% used [0x00000000ebf00000,0x00000000ebf00000,0x00000000ec080000)
 ParOldGen       total 68608K, used 36089K [0x00000000c0000000, 0x00000000c4300000, 0x00000000eab00000)
  object space 68608K, 52% used [0x00000000c0000000,0x00000000c233e758,0x00000000c4300000)
 Metaspace       used 50742K, committed 51456K, reserved 1097728K
  class space    used 5528K, committed 5824K, reserved 1048576K
}
Event: 5.965 GC heap before
{Heap before GC invocations=21 (full 2):
 PSYoungGen      total 20480K, used 20192K [0x00000000eab00000, 0x00000000ec200000, 0x0000000100000000)
  eden space 19456K, 100% used [0x00000000eab00000,0x00000000ebe00000,0x00000000ebe00000)
  from space 1024K, 71% used [0x00000000ec100000,0x00000000ec1b8000,0x00000000ec200000)
  to   space 1536K, 0% used [0x00000000ebf00000,0x00000000ebf00000,0x00000000ec080000)
 ParOldGen       total 68608K, used 36089K [0x00000000c0000000, 0x00000000c4300000, 0x00000000eab00000)
  object space 68608K, 52% used [0x00000000c0000000,0x00000000c233e758,0x00000000c4300000)
 Metaspace       used 50975K, committed 51776K, reserved 1097728K
  class space    used 5552K, committed 5888K, reserved 1048576K
}
Event: 5.967 GC heap after
{Heap after GC invocations=21 (full 2):
 PSYoungGen      total 20992K, used 1469K [0x00000000eab00000, 0x00000000ec200000, 0x0000000100000000)
  eden space 19456K, 0% used [0x00000000eab00000,0x00000000eab00000,0x00000000ebe00000)
  from space 1536K, 95% used [0x00000000ebf00000,0x00000000ec06f650,0x00000000ec080000)
  to   space 1536K, 0% used [0x00000000ec080000,0x00000000ec080000,0x00000000ec200000)
 ParOldGen       total 68608K, used 36593K [0x00000000c0000000, 0x00000000c4300000, 0x00000000eab00000)
  object space 68608K, 53% used [0x00000000c0000000,0x00000000c23bc730,0x00000000c4300000)
 Metaspace       used 50975K, committed 51776K, reserved 1097728K
  class space    used 5552K, committed 5888K, reserved 1048576K
}
Event: 6.410 GC heap before
{Heap before GC invocations=22 (full 2):
 PSYoungGen      total 20992K, used 20925K [0x00000000eab00000, 0x00000000ec200000, 0x0000000100000000)
  eden space 19456K, 100% used [0x00000000eab00000,0x00000000ebe00000,0x00000000ebe00000)
  from space 1536K, 95% used [0x00000000ebf00000,0x00000000ec06f650,0x00000000ec080000)
  to   space 1536K, 0% used [0x00000000ec080000,0x00000000ec080000,0x00000000ec200000)
 ParOldGen       total 68608K, used 36593K [0x00000000c0000000, 0x00000000c4300000, 0x00000000eab00000)
  object space 68608K, 53% used [0x00000000c0000000,0x00000000c23bc730,0x00000000c4300000)
 Metaspace       used 52567K, committed 53376K, reserved 1097728K
  class space    used 5698K, committed 6016K, reserved 1048576K
}
Event: 6.413 GC heap after
{Heap after GC invocations=22 (full 2):
 PSYoungGen      total 18944K, used 1508K [0x00000000eab00000, 0x00000000ec700000, 0x0000000100000000)
  eden space 17408K, 0% used [0x00000000eab00000,0x00000000eab00000,0x00000000ebc00000)
  from space 1536K, 98% used [0x00000000ec080000,0x00000000ec1f9310,0x00000000ec200000)
  to   space 4608K, 0% used [0x00000000ebc00000,0x00000000ebc00000,0x00000000ec080000)
 ParOldGen       total 68608K, used 38781K [0x00000000c0000000, 0x00000000c4300000, 0x00000000eab00000)
  object space 68608K, 56% used [0x00000000c0000000,0x00000000c25df748,0x00000000c4300000)
 Metaspace       used 52567K, committed 53376K, reserved 1097728K
  class space    used 5698K, committed 6016K, reserved 1048576K
}
Event: 7.625 GC heap before
{Heap before GC invocations=23 (full 2):
 PSYoungGen      total 18944K, used 18910K [0x00000000eab00000, 0x00000000ec700000, 0x0000000100000000)
  eden space 17408K, 99% used [0x00000000eab00000,0x00000000ebbfe578,0x00000000ebc00000)
  from space 1536K, 98% used [0x00000000ec080000,0x00000000ec1f9310,0x00000000ec200000)
  to   space 4608K, 0% used [0x00000000ebc00000,0x00000000ebc00000,0x00000000ec080000)
 ParOldGen       total 68608K, used 38781K [0x00000000c0000000, 0x00000000c4300000, 0x00000000eab00000)
  object space 68608K, 56% used [0x00000000c0000000,0x00000000c25df748,0x00000000c4300000)
 Metaspace       used 53123K, committed 53952K, reserved 1097728K
  class space    used 5780K, committed 6144K, reserved 1048576K
}
Event: 7.627 GC heap after
{Heap after GC invocations=23 (full 2):
 PSYoungGen      total 22016K, used 4022K [0x00000000eab00000, 0x00000000ec500000, 0x0000000100000000)
  eden space 17408K, 0% used [0x00000000eab00000,0x00000000eab00000,0x00000000ebc00000)
  from space 4608K, 87% used [0x00000000ebc00000,0x00000000ebfed960,0x00000000ec080000)
  to   space 4608K, 0% used [0x00000000ec080000,0x00000000ec080000,0x00000000ec500000)
 ParOldGen       total 68608K, used 40321K [0x00000000c0000000, 0x00000000c4300000, 0x00000000eab00000)
  object space 68608K, 58% used [0x00000000c0000000,0x00000000c2760568,0x00000000c4300000)
 Metaspace       used 53123K, committed 53952K, reserved 1097728K
  class space    used 5780K, committed 6144K, reserved 1048576K
}
Event: 8.102 GC heap before
{Heap before GC invocations=24 (full 2):
 PSYoungGen      total 22016K, used 21430K [0x00000000eab00000, 0x00000000ec500000, 0x0000000100000000)
  eden space 17408K, 100% used [0x00000000eab00000,0x00000000ebc00000,0x00000000ebc00000)
  from space 4608K, 87% used [0x00000000ebc00000,0x00000000ebfed960,0x00000000ec080000)
  to   space 4608K, 0% used [0x00000000ec080000,0x00000000ec080000,0x00000000ec500000)
 ParOldGen       total 68608K, used 40321K [0x00000000c0000000, 0x00000000c4300000, 0x00000000eab00000)
  object space 68608K, 58% used [0x00000000c0000000,0x00000000c2760568,0x00000000c4300000)
 Metaspace       used 53123K, committed 53952K, reserved 1097728K
  class space    used 5780K, committed 6144K, reserved 1048576K
}
Event: 8.106 GC heap after
{Heap after GC invocations=24 (full 2):
 PSYoungGen      total 21504K, used 3876K [0x00000000eab00000, 0x00000000ec480000, 0x0000000100000000)
  eden space 17408K, 0% used [0x00000000eab00000,0x00000000eab00000,0x00000000ebc00000)
  from space 4096K, 94% used [0x00000000ec080000,0x00000000ec449218,0x00000000ec480000)
  to   space 4096K, 0% used [0x00000000ebc80000,0x00000000ebc80000,0x00000000ec080000)
 ParOldGen       total 68608K, used 44238K [0x00000000c0000000, 0x00000000c4300000, 0x00000000eab00000)
  object space 68608K, 64% used [0x00000000c0000000,0x00000000c2b33b60,0x00000000c4300000)
 Metaspace       used 53123K, committed 53952K, reserved 1097728K
  class space    used 5780K, committed 6144K, reserved 1048576K
}

